Vivado Simulator 2019.2
Copyright 1986-1999, 2001-2019 Xilinx, Inc. All Rights Reserved.
Running: /tools/Xilinx/Vivado/2019.2/bin/unwrapped/lnx64.o/xelab -wto b0d5b3c210854a8198237b640c6059e7 --incr --debug typical --relax --mt 8 -L xil_defaultlib -L unisims_ver -L unimacro_ver -L secureip --snapshot top_sim_behav xil_defaultlib.top_sim xil_defaultlib.glbl -log elaborate.log 
Using 8 slave threads.
Starting static elaboration
Pass Through NonSizing Optimizer
WARNING: [VRFC 10-3091] actual bit length 32 differs from formal bit length 5 for port 's_axi_awaddr' [/home/riad/Desktop/Thesis_Book/1703026_1703088_Final_Code/src/fpga/tb/top_sim.v:55]
WARNING: [VRFC 10-3091] actual bit length 32 differs from formal bit length 3 for port 's_axi_awprot' [/home/riad/Desktop/Thesis_Book/1703026_1703088_Final_Code/src/fpga/tb/top_sim.v:56]
WARNING: [VRFC 10-3091] actual bit length 32 differs from formal bit length 5 for port 's_axi_araddr' [/home/riad/Desktop/Thesis_Book/1703026_1703088_Final_Code/src/fpga/tb/top_sim.v:66]
WARNING: [VRFC 10-3091] actual bit length 32 differs from formal bit length 3 for port 's_axi_arprot' [/home/riad/Desktop/Thesis_Book/1703026_1703088_Final_Code/src/fpga/tb/top_sim.v:67]
WARNING: [VRFC 10-3091] actual bit length 11 differs from formal bit length 10 for port 'radd' [/home/riad/Desktop/Thesis_Book/1703026_1703088_Final_Code/src/fpga/rtl/neuron.v:172]
WARNING: [VRFC 10-3091] actual bit length 10 differs from formal bit length 1 for port 'i_valid' [/home/riad/Desktop/Thesis_Book/1703026_1703088_Final_Code/src/fpga/rtl/zynet.v:318]
Completed static elaboration
Starting simulation data flow analysis
WARNING: [XSIM 43-4099] "/home/riad/Desktop/Thesis_Book/1703026_1703088_Final_Code/src/fpga/rtl/Layer_1.v" Line 1. Module Layer_1(numWeight=1024,actType="sigmoid") doesn't have a timescale but at least one module in design has a timescale.
WARNING: [XSIM 43-4099] "/home/riad/Desktop/Thesis_Book/1703026_1703088_Final_Code/src/fpga/rtl/Layer_2.v" Line 1. Module Layer_2(NN=20,numWeight=30,layerNum=2,actType="sigmoid") doesn't have a timescale but at least one module in design has a timescale.
WARNING: [XSIM 43-4099] "/home/riad/Desktop/Thesis_Book/1703026_1703088_Final_Code/src/fpga/rtl/Layer_3.v" Line 1. Module Layer_3(NN=10,numWeight=20,layerNum=3,actType="sigmoid") doesn't have a timescale but at least one module in design has a timescale.
Completed simulation data flow analysis
Time Resolution for simulation is 1ps
Compiling module xil_defaultlib.axi_lite_wrapper_default
Compiling module xil_defaultlib.Weight_Memory(numWeight=1024,neu...
Compiling module xil_defaultlib.Sig_ROM
Compiling module xil_defaultlib.neuron(layerNo=1,numWeight=1024,...
Compiling module xil_defaultlib.Weight_Memory(numWeight=1024,neu...
Compiling module xil_defaultlib.neuron(layerNo=1,neuronNo=1,numW...
Compiling module xil_defaultlib.Weight_Memory(numWeight=1024,neu...
Compiling module xil_defaultlib.neuron(layerNo=1,neuronNo=2,numW...
Compiling module xil_defaultlib.Weight_Memory(numWeight=1024,neu...
Compiling module xil_defaultlib.neuron(layerNo=1,neuronNo=3,numW...
Compiling module xil_defaultlib.Weight_Memory(numWeight=1024,neu...
Compiling module xil_defaultlib.neuron(layerNo=1,neuronNo=4,numW...
Compiling module xil_defaultlib.Weight_Memory(numWeight=1024,wei...
Compiling module xil_defaultlib.neuron(layerNo=1,neuronNo=5,numW...
Compiling module xil_defaultlib.Weight_Memory(numWeight=1024,neu...
Compiling module xil_defaultlib.neuron(layerNo=1,neuronNo=6,numW...
Compiling module xil_defaultlib.Weight_Memory(numWeight=1024,neu...
Compiling module xil_defaultlib.neuron(layerNo=1,neuronNo=7,numW...
Compiling module xil_defaultlib.Weight_Memory(numWeight=1024,neu...
Compiling module xil_defaultlib.neuron(layerNo=1,neuronNo=8,numW...
Compiling module xil_defaultlib.Weight_Memory(numWeight=1024,neu...
Compiling module xil_defaultlib.neuron(layerNo=1,neuronNo=9,numW...
Compiling module xil_defaultlib.Weight_Memory(numWeight=1024,neu...
Compiling module xil_defaultlib.neuron(layerNo=1,neuronNo=10,num...
Compiling module xil_defaultlib.Weight_Memory(numWeight=1024,neu...
Compiling module xil_defaultlib.neuron(layerNo=1,neuronNo=11,num...
Compiling module xil_defaultlib.Weight_Memory(numWeight=1024,neu...
Compiling module xil_defaultlib.neuron(layerNo=1,neuronNo=12,num...
Compiling module xil_defaultlib.Weight_Memory(numWeight=1024,neu...
Compiling module xil_defaultlib.neuron(layerNo=1,neuronNo=13,num...
Compiling module xil_defaultlib.Weight_Memory(numWeight=1024,neu...
Compiling module xil_defaultlib.neuron(layerNo=1,neuronNo=14,num...
Compiling module xil_defaultlib.Weight_Memory(numWeight=1024,neu...
Compiling module xil_defaultlib.neuron(layerNo=1,neuronNo=15,num...
Compiling module xil_defaultlib.Weight_Memory(numWeight=1024,neu...
Compiling module xil_defaultlib.neuron(layerNo=1,neuronNo=16,num...
Compiling module xil_defaultlib.Weight_Memory(numWeight=1024,neu...
Compiling module xil_defaultlib.neuron(layerNo=1,neuronNo=17,num...
Compiling module xil_defaultlib.Weight_Memory(numWeight=1024,neu...
Compiling module xil_defaultlib.neuron(layerNo=1,neuronNo=18,num...
Compiling module xil_defaultlib.Weight_Memory(numWeight=1024,neu...
Compiling module xil_defaultlib.neuron(layerNo=1,neuronNo=19,num...
Compiling module xil_defaultlib.Weight_Memory(numWeight=1024,neu...
Compiling module xil_defaultlib.neuron(layerNo=1,neuronNo=20,num...
Compiling module xil_defaultlib.Weight_Memory(numWeight=1024,neu...
Compiling module xil_defaultlib.neuron(layerNo=1,neuronNo=21,num...
Compiling module xil_defaultlib.Weight_Memory(numWeight=1024,neu...
Compiling module xil_defaultlib.neuron(layerNo=1,neuronNo=22,num...
Compiling module xil_defaultlib.Weight_Memory(numWeight=1024,neu...
Compiling module xil_defaultlib.neuron(layerNo=1,neuronNo=23,num...
Compiling module xil_defaultlib.Weight_Memory(numWeight=1024,neu...
Compiling module xil_defaultlib.neuron(layerNo=1,neuronNo=24,num...
Compiling module xil_defaultlib.Weight_Memory(numWeight=1024,neu...
Compiling module xil_defaultlib.neuron(layerNo=1,neuronNo=25,num...
Compiling module xil_defaultlib.Weight_Memory(numWeight=1024,neu...
Compiling module xil_defaultlib.neuron(layerNo=1,neuronNo=26,num...
Compiling module xil_defaultlib.Weight_Memory(numWeight=1024,neu...
Compiling module xil_defaultlib.neuron(layerNo=1,neuronNo=27,num...
Compiling module xil_defaultlib.Weight_Memory(numWeight=1024,neu...
Compiling module xil_defaultlib.neuron(layerNo=1,neuronNo=28,num...
Compiling module xil_defaultlib.Weight_Memory(numWeight=1024,neu...
Compiling module xil_defaultlib.neuron(layerNo=1,neuronNo=29,num...
Compiling module xil_defaultlib.Layer_1(numWeight=1024,actType="...
Compiling module xil_defaultlib.Weight_Memory(numWeight=30,neuro...
Compiling module xil_defaultlib.neuron(layerNo=2,numWeight=30,si...
Compiling module xil_defaultlib.Weight_Memory(numWeight=30,neuro...
Compiling module xil_defaultlib.neuron(layerNo=2,neuronNo=1,numW...
Compiling module xil_defaultlib.Weight_Memory(numWeight=30,neuro...
Compiling module xil_defaultlib.neuron(layerNo=2,neuronNo=2,numW...
Compiling module xil_defaultlib.Weight_Memory(numWeight=30,neuro...
Compiling module xil_defaultlib.neuron(layerNo=2,neuronNo=3,numW...
Compiling module xil_defaultlib.Weight_Memory(numWeight=30,neuro...
Compiling module xil_defaultlib.neuron(layerNo=2,neuronNo=4,numW...
Compiling module xil_defaultlib.Weight_Memory(numWeight=30,layer...
Compiling module xil_defaultlib.neuron(layerNo=2,neuronNo=5,numW...
Compiling module xil_defaultlib.Weight_Memory(numWeight=30,neuro...
Compiling module xil_defaultlib.neuron(layerNo=2,neuronNo=6,numW...
Compiling module xil_defaultlib.Weight_Memory(numWeight=30,neuro...
Compiling module xil_defaultlib.neuron(layerNo=2,neuronNo=7,numW...
Compiling module xil_defaultlib.Weight_Memory(numWeight=30,neuro...
Compiling module xil_defaultlib.neuron(layerNo=2,neuronNo=8,numW...
Compiling module xil_defaultlib.Weight_Memory(numWeight=30,neuro...
Compiling module xil_defaultlib.neuron(layerNo=2,neuronNo=9,numW...
Compiling module xil_defaultlib.Weight_Memory(numWeight=30,neuro...
Compiling module xil_defaultlib.neuron(layerNo=2,neuronNo=10,num...
Compiling module xil_defaultlib.Weight_Memory(numWeight=30,neuro...
Compiling module xil_defaultlib.neuron(layerNo=2,neuronNo=11,num...
Compiling module xil_defaultlib.Weight_Memory(numWeight=30,neuro...
Compiling module xil_defaultlib.neuron(layerNo=2,neuronNo=12,num...
Compiling module xil_defaultlib.Weight_Memory(numWeight=30,neuro...
Compiling module xil_defaultlib.neuron(layerNo=2,neuronNo=13,num...
Compiling module xil_defaultlib.Weight_Memory(numWeight=30,neuro...
Compiling module xil_defaultlib.neuron(layerNo=2,neuronNo=14,num...
Compiling module xil_defaultlib.Weight_Memory(numWeight=30,neuro...
Compiling module xil_defaultlib.neuron(layerNo=2,neuronNo=15,num...
Compiling module xil_defaultlib.Weight_Memory(numWeight=30,neuro...
Compiling module xil_defaultlib.neuron(layerNo=2,neuronNo=16,num...
Compiling module xil_defaultlib.Weight_Memory(numWeight=30,neuro...
Compiling module xil_defaultlib.neuron(layerNo=2,neuronNo=17,num...
Compiling module xil_defaultlib.Weight_Memory(numWeight=30,neuro...
Compiling module xil_defaultlib.neuron(layerNo=2,neuronNo=18,num...
Compiling module xil_defaultlib.Weight_Memory(numWeight=30,neuro...
Compiling module xil_defaultlib.neuron(layerNo=2,neuronNo=19,num...
Compiling module xil_defaultlib.Layer_2(NN=20,numWeight=30,layer...
Compiling module xil_defaultlib.Weight_Memory(numWeight=20,neuro...
Compiling module xil_defaultlib.neuron(layerNo=3,numWeight=20,si...
Compiling module xil_defaultlib.Weight_Memory(numWeight=20,neuro...
Compiling module xil_defaultlib.neuron(layerNo=3,neuronNo=1,numW...
Compiling module xil_defaultlib.Weight_Memory(numWeight=20,neuro...
Compiling module xil_defaultlib.neuron(layerNo=3,neuronNo=2,numW...
Compiling module xil_defaultlib.Weight_Memory(numWeight=20,neuro...
Compiling module xil_defaultlib.neuron(layerNo=3,neuronNo=3,numW...
Compiling module xil_defaultlib.Weight_Memory(numWeight=20,neuro...
Compiling module xil_defaultlib.neuron(layerNo=3,neuronNo=4,numW...
Compiling module xil_defaultlib.Weight_Memory(numWeight=20,layer...
Compiling module xil_defaultlib.neuron(layerNo=3,neuronNo=5,numW...
Compiling module xil_defaultlib.Weight_Memory(numWeight=20,neuro...
Compiling module xil_defaultlib.neuron(layerNo=3,neuronNo=6,numW...
Compiling module xil_defaultlib.Weight_Memory(numWeight=20,neuro...
Compiling module xil_defaultlib.neuron(layerNo=3,neuronNo=7,numW...
Compiling module xil_defaultlib.Weight_Memory(numWeight=20,neuro...
Compiling module xil_defaultlib.neuron(layerNo=3,neuronNo=8,numW...
Compiling module xil_defaultlib.Weight_Memory(numWeight=20,neuro...
Compiling module xil_defaultlib.neuron(layerNo=3,neuronNo=9,numW...
Compiling module xil_defaultlib.Layer_3(NN=10,numWeight=20,layer...
Compiling module xil_defaultlib.maxFinder
Compiling module xil_defaultlib.zyNet
Compiling module xil_defaultlib.top_sim
Compiling module xil_defaultlib.glbl
Built simulation snapshot top_sim_behav
